<class 'pandas.core.frame.DataFrame'> <class 'numpy.ndarray'>
<class 'pandas.core.frame.DataFrame'> <class 'numpy.ndarray'>
Traceback (most recent call last):
  File "/opt/homebrew/Caskroom/miniconda/base/envs/surv/lib/python3.10/site-packages/pandas/core/indexes/base.py", line 3621, in get_loc
    return self._engine.get_loc(casted_key)
  File "pandas/_libs/index.pyx", line 136, in pandas._libs.index.IndexEngine.get_loc
  File "pandas/_libs/index.pyx", line 142, in pandas._libs.index.IndexEngine.get_loc
TypeError: '(array([  1,   3,   5,   6,   9,  11,  13,  14,  15,  17,  19,  20,  23,
        24,  28,  31,  34,  35,  36,  38,  40,  42,  43,  44,  45,  46,
        47,  48,  51,  52,  54,  55,  56,  61,  62,  63,  67,  72,  73,
        75,  77,  78,  79,  80,  81,  82,  83,  87,  90,  91,  92,  97,
        98,  99, 102, 106, 108, 110, 111, 114, 115, 117, 126, 129, 130,
       136, 137, 139, 141, 142, 145, 146, 151, 152, 153, 154, 158, 159,
       160, 161, 163, 164, 165, 166, 167, 170, 171, 174, 175, 176, 178,
       180, 184, 187, 188, 194, 195, 196, 197]), slice(None, None, None))' is an invalid key
During handling of the above exception, another exception occurred:
Traceback (most recent call last):
  File "/Users/jahan/Documents/cardiacdeepsurv/train.py", line 48, in <module>
    model.fit(X[train_index, :], y[train_index])
  File "/opt/homebrew/Caskroom/miniconda/base/envs/surv/lib/python3.10/site-packages/pandas/core/frame.py", line 3505, in __getitem__
    indexer = self.columns.get_loc(key)
  File "/opt/homebrew/Caskroom/miniconda/base/envs/surv/lib/python3.10/site-packages/pandas/core/indexes/base.py", line 3628, in get_loc
    self._check_indexing_error(key)
  File "/opt/homebrew/Caskroom/miniconda/base/envs/surv/lib/python3.10/site-packages/pandas/core/indexes/base.py", line 5637, in _check_indexing_error
    raise InvalidIndexError(key)
pandas.errors.InvalidIndexError: (array([  1,   3,   5,   6,   9,  11,  13,  14,  15,  17,  19,  20,  23,
        24,  28,  31,  34,  35,  36,  38,  40,  42,  43,  44,  45,  46,
        47,  48,  51,  52,  54,  55,  56,  61,  62,  63,  67,  72,  73,
        75,  77,  78,  79,  80,  81,  82,  83,  87,  90,  91,  92,  97,
        98,  99, 102, 106, 108, 110, 111, 114, 115, 117, 126, 129, 130,
       136, 137, 139, 141, 142, 145, 146, 151, 152, 153, 154, 158, 159,
       160, 161, 163, 164, 165, 166, 167, 170, 171, 174, 175, 176, 178,
       180, 184, 187, 188, 194, 195, 196, 197]), slice(None, None, None))